[INFO ] 01-12-2023 15:39:47 [main] log - Open Contact Us page
[INFO ] 01-12-2023 15:39:48 [main] log - Verify Contact Us page displayed
[INFO ] 01-12-2023 15:39:48 [main] log - close browser
[INFO ] 05-12-2023 14:29:34 [main] log - Open Contact Us page
[INFO ] 05-12-2023 14:29:35 [main] log - Verify Contact Us page is displayed
[INFO ] 05-12-2023 14:29:35 [main] log - Open Our Solution page
[INFO ] 05-12-2023 14:29:35 [main] log - Choose desired team
[INFO ] 05-12-2023 14:29:35 [main] log - Choose team members
[INFO ] 05-12-2023 14:29:37 [main] log - close browser
[INFO ] 05-12-2023 14:33:51 [main] log - Open Contact Us page
[INFO ] 05-12-2023 14:33:51 [main] log - Verify Contact Us page is displayed
[INFO ] 05-12-2023 14:33:51 [main] log - Open Our Solution page
[INFO ] 05-12-2023 14:33:51 [main] log - Choose desired team
[INFO ] 05-12-2023 14:33:51 [main] log - Choose team members
[INFO ] 05-12-2023 14:33:56 [main] log - Input Project Overview
[INFO ] 05-12-2023 14:33:56 [main] log - Project languages
[INFO ] 05-12-2023 14:33:56 [main] log - Select Start Date & Time Frame
[INFO ] 05-12-2023 14:36:44 [main] log - Open Contact Us page
[INFO ] 05-12-2023 14:36:45 [main] log - Verify Contact Us page is displayed
[INFO ] 05-12-2023 14:36:45 [main] log - Open Our Solution page
[INFO ] 05-12-2023 14:36:45 [main] log - Choose desired team
[INFO ] 05-12-2023 14:36:45 [main] log - Choose team members
[INFO ] 05-12-2023 14:36:50 [main] log - Input Project Overview
[INFO ] 05-12-2023 14:36:50 [main] log - Project languages
[INFO ] 05-12-2023 14:36:50 [main] log - Select Start Date & Time Frame
[INFO ] 05-12-2023 14:36:51 [main] log - Input customer info
[INFO ] 05-12-2023 14:39:33 [main] log - Open Contact Us page
[INFO ] 05-12-2023 14:39:33 [main] log - Verify Contact Us page is displayed
[INFO ] 05-12-2023 14:39:33 [main] log - Open Our Solution page
[INFO ] 05-12-2023 14:39:33 [main] log - Choose desired team
[INFO ] 05-12-2023 14:39:33 [main] log - Choose team members
[INFO ] 05-12-2023 14:39:38 [main] log - Input Project Overview
[INFO ] 05-12-2023 14:39:38 [main] log - Project languages
[INFO ] 05-12-2023 14:39:38 [main] log - Select Start Date & Time Frame
[INFO ] 05-12-2023 14:39:39 [main] log - Input customer info
[INFO ] 05-12-2023 14:45:02 [main] log - Open Contact Us page
[INFO ] 05-12-2023 14:45:02 [main] log - Verify Contact Us page is displayed
[INFO ] 05-12-2023 14:45:02 [main] log - Open Our Solution page
[INFO ] 05-12-2023 14:45:02 [main] log - Choose desired team
[INFO ] 05-12-2023 14:45:03 [main] log - Choose team members
[INFO ] 05-12-2023 14:45:07 [main] log - Input Project Overview
[INFO ] 05-12-2023 14:45:08 [main] log - Project languages
[INFO ] 05-12-2023 14:45:08 [main] log - Select Start Date & Time Frame
[INFO ] 05-12-2023 14:45:09 [main] log - Input customer info
[INFO ] 05-12-2023 14:49:55 [main] log - Open Contact Us page
[INFO ] 05-12-2023 14:49:56 [main] log - Verify Contact Us page is displayed
[INFO ] 05-12-2023 14:49:56 [main] log - Open Our Solution page
[INFO ] 05-12-2023 14:49:56 [main] log - Choose desired team
[INFO ] 05-12-2023 14:49:56 [main] log - Choose team members
[INFO ] 05-12-2023 14:50:01 [main] log - Input Project Overview
[INFO ] 05-12-2023 14:50:01 [main] log - Project languages
[INFO ] 05-12-2023 14:50:01 [main] log - Select Start Date & Time Frame
[INFO ] 05-12-2023 14:50:02 [main] log - Input customer info
[INFO ] 05-12-2023 14:56:25 [main] log - Open Contact Us page
[INFO ] 05-12-2023 14:56:25 [main] log - Verify Contact Us page is displayed
[INFO ] 05-12-2023 14:56:25 [main] log - Open Our Solution page
[INFO ] 05-12-2023 14:56:25 [main] log - Choose desired team
[INFO ] 05-12-2023 14:56:26 [main] log - Choose team members
[INFO ] 05-12-2023 14:56:30 [main] log - Input Project Overview
[INFO ] 05-12-2023 14:56:31 [main] log - Project languages
[INFO ] 05-12-2023 14:56:31 [main] log - Select Start Date & Time Frame
[INFO ] 05-12-2023 14:56:32 [main] log - Input customer info
[INFO ] 05-12-2023 15:06:08 [main] log - Open Contact Us page
[INFO ] 05-12-2023 15:06:09 [main] log - Verify Contact Us page is displayed
[INFO ] 05-12-2023 15:06:09 [main] log - Open Our Solution page
[INFO ] 05-12-2023 15:06:09 [main] log - Choose desired team
[INFO ] 05-12-2023 15:06:09 [main] log - Choose team members
[INFO ] 05-12-2023 15:06:14 [main] log - Input Project Overview
[INFO ] 05-12-2023 15:06:14 [main] log - Project languages
[INFO ] 05-12-2023 15:06:14 [main] log - Select Start Date & Time Frame
[INFO ] 05-12-2023 15:06:15 [main] log - Input customer info
[INFO ] 13-12-2023 21:50:12 [main] log - Cannot invoke "Object.toString()" because "this.driver" is null
[INFO ] 13-12-2023 21:58:12 [main] log - Cannot invoke "Object.toString()" because "this.driver" is null
[INFO ] 13-12-2023 21:59:36 [main] log - Cannot invoke "Object.toString()" because "this.driver" is null
[INFO ] 13-12-2023 22:04:41 [main] log - Cannot invoke "Object.toString()" because "this.driver" is null
[INFO ] 13-12-2023 22:05:06 [main] log - Cannot invoke "Object.toString()" because "this.driver" is null
[INFO ] 13-12-2023 22:05:37 [main] log - Cannot invoke "Object.toString()" because "this.driver" is null
[INFO ] 13-12-2023 22:06:25 [main] log - Cannot invoke "Object.toString()" because "this.driver" is null
[INFO ] 13-12-2023 22:07:05 [main] log - no such window: target window already closed
from unknown error: web view not found
  (Session info: chrome=120.0.6099.109)
Build info: version: '4.16.1', revision: '9b4c83354e'
System info: os.name: 'Mac OS X', os.arch: 'aarch64', os.version: '14.1.2', java.version: '17.0.8'
Driver info: org.openqa.selenium.chrome.ChromeDriver
Command: [a584350e2d805dee8164620e323126cd, deleteAllCookies {}]
Capabilities {acceptInsecureCerts: false, browserName: chrome, browserVersion: 120.0.6099.109, chrome: {chromedriverVersion: 120.0.6099.71 (9729082fe617..., userDataDir: /var/folders/vs/_c1x75355md...}, fedcm:accounts: true, goog:chromeOptions: {debuggerAddress: localhost:50908}, networkConnectionEnabled: false, pageLoadStrategy: normal, platformName: mac, proxy: Proxy(), se:cdp: ws://localhost:50908/devtoo..., se:cdpVersion: 120.0.6099.109, setWindowRect: true, strictFileInteractability: false, timeouts: {implicit: 0, pageLoad: 300000, script: 30000}, unhandledPromptBehavior: dismiss and notify, webauthn:extension:credBlob: true, webauthn:extension:largeBlob: true, webauthn:extension:minPinLength: true, webauthn:extension:prf: true, webauthn:virtualAuthenticators: true}
Session ID: a584350e2d805dee8164620e323126cd
[INFO ] 13-12-2023 22:07:53 [main] log - no such window: target window already closed
from unknown error: web view not found
  (Session info: chrome=120.0.6099.109)
Build info: version: '4.16.1', revision: '9b4c83354e'
System info: os.name: 'Mac OS X', os.arch: 'aarch64', os.version: '14.1.2', java.version: '17.0.8'
Driver info: org.openqa.selenium.chrome.ChromeDriver
Command: [6723e246a9995451c676bf9c017fa8b4, deleteAllCookies {}]
Capabilities {acceptInsecureCerts: false, browserName: chrome, browserVersion: 120.0.6099.109, chrome: {chromedriverVersion: 120.0.6099.71 (9729082fe617..., userDataDir: /var/folders/vs/_c1x75355md...}, fedcm:accounts: true, goog:chromeOptions: {debuggerAddress: localhost:51227}, networkConnectionEnabled: false, pageLoadStrategy: normal, platformName: mac, proxy: Proxy(), se:cdp: ws://localhost:51227/devtoo..., se:cdpVersion: 120.0.6099.109, setWindowRect: true, strictFileInteractability: false, timeouts: {implicit: 0, pageLoad: 300000, script: 30000}, unhandledPromptBehavior: dismiss and notify, webauthn:extension:credBlob: true, webauthn:extension:largeBlob: true, webauthn:extension:minPinLength: true, webauthn:extension:prf: true, webauthn:virtualAuthenticators: true}
Session ID: 6723e246a9995451c676bf9c017fa8b4
[INFO ] 13-12-2023 22:08:25 [main] log - no such window: target window already closed
from unknown error: web view not found
  (Session info: chrome=120.0.6099.109)
Build info: version: '4.16.1', revision: '9b4c83354e'
System info: os.name: 'Mac OS X', os.arch: 'aarch64', os.version: '14.1.2', java.version: '17.0.8'
Driver info: org.openqa.selenium.chrome.ChromeDriver
Command: [6dbfa4db32d554324037545fabd20860, deleteAllCookies {}]
Capabilities {acceptInsecureCerts: false, browserName: chrome, browserVersion: 120.0.6099.109, chrome: {chromedriverVersion: 120.0.6099.71 (9729082fe617..., userDataDir: /var/folders/vs/_c1x75355md...}, fedcm:accounts: true, goog:chromeOptions: {debuggerAddress: localhost:51448}, networkConnectionEnabled: false, pageLoadStrategy: normal, platformName: mac, proxy: Proxy(), se:cdp: ws://localhost:51448/devtoo..., se:cdpVersion: 120.0.6099.109, setWindowRect: true, strictFileInteractability: false, timeouts: {implicit: 0, pageLoad: 300000, script: 30000}, unhandledPromptBehavior: dismiss and notify, webauthn:extension:credBlob: true, webauthn:extension:largeBlob: true, webauthn:extension:minPinLength: true, webauthn:extension:prf: true, webauthn:virtualAuthenticators: true}
Session ID: 6dbfa4db32d554324037545fabd20860
[INFO ] 13-12-2023 22:08:54 [main] log - Cannot invoke "Object.toString()" because "this.driver" is null
[INFO ] 13-12-2023 22:10:44 [main] log - no such window: target window already closed
from unknown error: web view not found
  (Session info: chrome=120.0.6099.109)
Build info: version: '4.16.1', revision: '9b4c83354e'
System info: os.name: 'Mac OS X', os.arch: 'aarch64', os.version: '14.1.2', java.version: '17.0.8'
Driver info: org.openqa.selenium.chrome.ChromeDriver
Command: [03e11d476352a47848d0aa85fa46d627, deleteAllCookies {}]
Capabilities {acceptInsecureCerts: false, browserName: chrome, browserVersion: 120.0.6099.109, chrome: {chromedriverVersion: 120.0.6099.71 (9729082fe617..., userDataDir: /var/folders/vs/_c1x75355md...}, fedcm:accounts: true, goog:chromeOptions: {debuggerAddress: localhost:52365}, networkConnectionEnabled: false, pageLoadStrategy: normal, platformName: mac, proxy: Proxy(), se:cdp: ws://localhost:52365/devtoo..., se:cdpVersion: 120.0.6099.109, setWindowRect: true, strictFileInteractability: false, timeouts: {implicit: 0, pageLoad: 300000, script: 30000}, unhandledPromptBehavior: dismiss and notify, webauthn:extension:credBlob: true, webauthn:extension:largeBlob: true, webauthn:extension:minPinLength: true, webauthn:extension:prf: true, webauthn:virtualAuthenticators: true}
Session ID: 03e11d476352a47848d0aa85fa46d627
[INFO ] 13-12-2023 22:11:03 [main] log - no such window: target window already closed
from unknown error: web view not found
  (Session info: chrome=120.0.6099.109)
Build info: version: '4.16.1', revision: '9b4c83354e'
System info: os.name: 'Mac OS X', os.arch: 'aarch64', os.version: '14.1.2', java.version: '17.0.8'
Driver info: org.openqa.selenium.chrome.ChromeDriver
Command: [cad706e582b8c43a99ec43d3ce745c93, deleteAllCookies {}]
Capabilities {acceptInsecureCerts: false, browserName: chrome, browserVersion: 120.0.6099.109, chrome: {chromedriverVersion: 120.0.6099.71 (9729082fe617..., userDataDir: /var/folders/vs/_c1x75355md...}, fedcm:accounts: true, goog:chromeOptions: {debuggerAddress: localhost:52501}, networkConnectionEnabled: false, pageLoadStrategy: normal, platformName: mac, proxy: Proxy(), se:cdp: ws://localhost:52501/devtoo..., se:cdpVersion: 120.0.6099.109, setWindowRect: true, strictFileInteractability: false, timeouts: {implicit: 0, pageLoad: 300000, script: 30000}, unhandledPromptBehavior: dismiss and notify, webauthn:extension:credBlob: true, webauthn:extension:largeBlob: true, webauthn:extension:minPinLength: true, webauthn:extension:prf: true, webauthn:virtualAuthenticators: true}
Session ID: cad706e582b8c43a99ec43d3ce745c93
[INFO ] 13-12-2023 22:13:25 [main] log - no such window: target window already closed
from unknown error: web view not found
  (Session info: chrome=120.0.6099.109)
Build info: version: '4.16.1', revision: '9b4c83354e'
System info: os.name: 'Mac OS X', os.arch: 'aarch64', os.version: '14.1.2', java.version: '17.0.8'
Driver info: org.openqa.selenium.chrome.ChromeDriver
Command: [bbbdf346d15ab5c933a97691a05ea053, deleteAllCookies {}]
Capabilities {acceptInsecureCerts: false, browserName: chrome, browserVersion: 120.0.6099.109, chrome: {chromedriverVersion: 120.0.6099.71 (9729082fe617..., userDataDir: /var/folders/vs/_c1x75355md...}, fedcm:accounts: true, goog:chromeOptions: {debuggerAddress: localhost:53323}, networkConnectionEnabled: false, pageLoadStrategy: normal, platformName: mac, proxy: Proxy(), se:cdp: ws://localhost:53323/devtoo..., se:cdpVersion: 120.0.6099.109, setWindowRect: true, strictFileInteractability: false, timeouts: {implicit: 0, pageLoad: 300000, script: 30000}, unhandledPromptBehavior: dismiss and notify, webauthn:extension:credBlob: true, webauthn:extension:largeBlob: true, webauthn:extension:minPinLength: true, webauthn:extension:prf: true, webauthn:virtualAuthenticators: true}
Session ID: bbbdf346d15ab5c933a97691a05ea053
[INFO ] 13-12-2023 22:17:35 [main] log - no such window: target window already closed
from unknown error: web view not found
  (Session info: chrome=120.0.6099.109)
Build info: version: '4.16.1', revision: '9b4c83354e'
System info: os.name: 'Mac OS X', os.arch: 'aarch64', os.version: '14.1.2', java.version: '17.0.8'
Driver info: org.openqa.selenium.chrome.ChromeDriver
Command: [59513b6a1948aec5da6b7fda00f55b72, deleteAllCookies {}]
Capabilities {acceptInsecureCerts: false, browserName: chrome, browserVersion: 120.0.6099.109, chrome: {chromedriverVersion: 120.0.6099.71 (9729082fe617..., userDataDir: /var/folders/vs/_c1x75355md...}, fedcm:accounts: true, goog:chromeOptions: {debuggerAddress: localhost:54621}, networkConnectionEnabled: false, pageLoadStrategy: normal, platformName: mac, proxy: Proxy(), se:cdp: ws://localhost:54621/devtoo..., se:cdpVersion: 120.0.6099.109, setWindowRect: true, strictFileInteractability: false, timeouts: {implicit: 0, pageLoad: 300000, script: 30000}, unhandledPromptBehavior: dismiss and notify, webauthn:extension:credBlob: true, webauthn:extension:largeBlob: true, webauthn:extension:minPinLength: true, webauthn:extension:prf: true, webauthn:virtualAuthenticators: true}
Session ID: 59513b6a1948aec5da6b7fda00f55b72
[INFO ] 13-12-2023 22:32:37 [main] log - Cannot invoke "Object.toString()" because "this.driver" is null
